# JRE version: Java(TM) SE Runtime Environment (11.0.1+13) (build 11.0.1+13-LTS)
# Java VM: Java HotSpot(TM) 64-Bit Server VM (11.0.1+13-LTS, mixed mode, tiered, compressed oops, g1 gc, windows-amd64)
Heap:
 garbage-first heap   total 63488K, used 37254K [0x00000000c2c00000, 0x0000000100000000)
  region size 1024K, 31 young (31744K), 3 survivors (3072K)
 Metaspace       used 26811K, capacity 27506K, committed 27648K, reserved 1073152K
  class space    used 3003K, capacity 3303K, committed 3328K, reserved 1048576K
GC Heap History (10 events):
Event: 6.077 GC heap before
{Heap before GC invocations=3 (full 0):
 garbage-first heap   total 63488K, used 20872K [0x00000000c2c00000, 0x0000000100000000)
  region size 1024K, 16 young (16384K), 2 survivors (2048K)
 Metaspace       used 15164K, capacity 15488K, committed 15616K, reserved 1062912K
  class space    used 1552K, capacity 1703K, committed 1792K, reserved 1048576K
}
Event: 6.084 GC heap after
{Heap after GC invocations=4 (full 0):
 garbage-first heap   total 63488K, used 7545K [0x00000000c2c00000, 0x0000000100000000)
  region size 1024K, 2 young (2048K), 2 survivors (2048K)
 Metaspace       used 15164K, capacity 15488K, committed 15616K, reserved 1062912K
  class space    used 1552K, capacity 1703K, committed 1792K, reserved 1048576K
}
Event: 8.065 GC heap before
{Heap before GC invocations=4 (full 0):
 garbage-first heap   total 63488K, used 29049K [0x00000000c2c00000, 0x0000000100000000)
  region size 1024K, 23 young (23552K), 2 survivors (2048K)
 Metaspace       used 19302K, capacity 19805K, committed 19968K, reserved 1067008K
  class space    used 2096K, capacity 2275K, committed 2304K, reserved 1048576K
}
Event: 8.074 GC heap after
{Heap after GC invocations=5 (full 0):
 garbage-first heap   total 63488K, used 8495K [0x00000000c2c00000, 0x0000000100000000)
  region size 1024K, 3 young (3072K), 3 survivors (3072K)
 Metaspace       used 19302K, capacity 19805K, committed 19968K, reserved 1067008K
  class space    used 2096K, capacity 2275K, committed 2304K, reserved 1048576K
}
Event: 8.532 GC heap before
{Heap before GC invocations=5 (full 0):
 garbage-first heap   total 63488K, used 13615K [0x00000000c2c00000, 0x0000000100000000)
  region size 1024K, 10 young (10240K), 3 survivors (3072K)
 Metaspace       used 20633K, capacity 21090K, committed 21248K, reserved 1069056K
  class space    used 2237K, capacity 2448K, committed 2560K, reserved 1048576K
}
Event: 8.539 GC heap after
{Heap after GC invocations=6 (full 0):
 garbage-first heap   total 63488K, used 8709K [0x00000000c2c00000, 0x0000000100000000)
  region size 1024K, 3 young (3072K), 3 survivors (3072K)
 Metaspace       used 20633K, capacity 21090K, committed 21248K, reserved 1069056K
  class space    used 2237K, capacity 2448K, committed 2560K, reserved 1048576K
}
Event: 9.605 GC heap before
{Heap before GC invocations=7 (full 0):
 garbage-first heap   total 63488K, used 32261K [0x00000000c2c00000, 0x0000000100000000)
  region size 1024K, 27 young (27648K), 3 survivors (3072K)
 Metaspace       used 24218K, capacity 24778K, committed 24960K, reserved 1071104K
  class space    used 2716K, capacity 2932K, committed 2944K, reserved 1048576K
}
Event: 9.615 GC heap after
{Heap after GC invocations=8 (full 0):
 garbage-first heap   total 63488K, used 9514K [0x00000000c2c00000, 0x0000000100000000)
  region size 1024K, 3 young (3072K), 3 survivors (3072K)
 Metaspace       used 24218K, capacity 24778K, committed 24960K, reserved 1071104K
  class space    used 2716K, capacity 2932K, committed 2944K, reserved 1048576K
}
Event: 9.695 GC heap before
{Heap before GC invocations=8 (full 0):
 garbage-first heap   total 63488K, used 43306K [0x00000000c2c00000, 0x0000000100000000)
  region size 1024K, 37 young (37888K), 3 survivors (3072K)
 Metaspace       used 24432K, capacity 25002K, committed 25344K, reserved 1071104K
  class space    used 2729K, capacity 2964K, committed 3072K, reserved 1048576K
}
Event: 9.704 GC heap after
{Heap after GC invocations=9 (full 0):
 garbage-first heap   total 63488K, used 9606K [0x00000000c2c00000, 0x0000000100000000)
  region size 1024K, 3 young (3072K), 3 survivors (3072K)
 Metaspace       used 24432K, capacity 25002K, committed 25344K, reserved 1071104K
  class space    used 2729K, capacity 2964K, committed 3072K, reserved 1048576K
}

